<?xml version="1.0" encoding="UTF-8"?>
<!-- Generated by org.testng.reporters.JUnitXMLReporter -->
<testsuite ignored="11" hostname="LAPTOP-EEAS1CV9" failures="0" tests="0" time="0.012" errors="0" timestamp="17 Jan 2025 10:16:16 GMT">
  <testcase classname="com.DemoWebShop.genericLibrary.BaseTest" name="@BeforeTest toConnectDatabase" time="0.0">
    <ignored/>
  </testcase> <!-- @BeforeTest toConnectDatabase -->
  <testcase classname="com.DemoWebShop.genericLibrary.BaseTest" name="@BeforeTest toConnectDatabase" time="0.0">
    <ignored/>
  </testcase> <!-- @BeforeTest toConnectDatabase -->
  <testcase classname="com.DemoWebShop.genericLibrary.BaseTest" name="@AfterSuite toCloseServer" time="0.0">
    <ignored/>
  </testcase> <!-- @AfterSuite toCloseServer -->
  <testcase classname="com.DemoWebShop.genericLibrary.BaseTest" name="@AfterSuite toCloseServer" time="0.0">
    <ignored/>
  </testcase> <!-- @AfterSuite toCloseServer -->
  <testcase classname="com.DemoWebShop.genericLibrary.BaseTest" name="@BeforeSuite toConnectServer" time="0.0">
    <ignored/>
  </testcase> <!-- @BeforeSuite toConnectServer -->
  <testcase classname="com.DemoWebShop.genericLibrary.BaseTest" name="@BeforeSuite toConnectServer" time="0.0">
    <ignored/>
  </testcase> <!-- @BeforeSuite toConnectServer -->
  <testcase classname="com.DemoWebShop.TestScripts.LoginTest" name="loginIntoDemoWeb" time="0.0">
    <ignored/>
  </testcase> <!-- loginIntoDemoWeb -->
  <testcase classname="com.DemoWebShop.TestScripts.RegisterTest" name="toRegisterIntoDemoWebShop" time="0.0">
    <ignored/>
  </testcase> <!-- toRegisterIntoDemoWebShop -->
  <testcase classname="com.DemoWebShop.genericLibrary.BaseTest" name="@AfterTest toCloseDatabase" time="0.0">
    <ignored/>
  </testcase> <!-- @AfterTest toCloseDatabase -->
  <testcase classname="com.DemoWebShop.genericLibrary.BaseTest" name="@AfterTest toCloseDatabase" time="0.0">
    <ignored/>
  </testcase> <!-- @AfterTest toCloseDatabase -->
  <testcase classname="com.DemoWebShop.TestScripts.InvalidLoginTest" name="invalidLogin" time="0.0">
    <ignored/>
  </testcase> <!-- invalidLogin -->
</testsuite>
